{"numFailedTestSuites":0,"numFailedTests":0,"numPassedTestSuites":6,"numPassedTests":172,"numPendingTestSuites":0,"numPendingTests":0,"numRuntimeErrorTestSuites":0,"numTodoTests":0,"numTotalTestSuites":6,"numTotalTests":172,"openHandles":[],"snapshot":{"added":0,"didUpdate":false,"failure":false,"filesAdded":0,"filesRemoved":0,"filesRemovedList":[],"filesUnmatched":0,"filesUpdated":0,"matched":0,"total":0,"unchecked":0,"uncheckedKeysByFile":[],"unmatched":0,"updated":0},"startTime":1788419767733,"success":true,"testResults":[{"assertionResults":[{"ancestorTitles":["Scenario 1 — two customers order the last remaining stock simultaneously"],"duration":295,"failureDetails":[],"failureMessages":[],"fullName":"Scenario 1 — two customers order the last remaining stock simultaneously exactly one of two simultaneous orders for the last 5 units succeeds; stock never goes negative","invocations":1,"location":null,"numPassingAsserts":9,"retryReasons":[],"status":"passed","title":"exactly one of two simultaneous orders for the last 5 units succeeds; stock never goes negative"},{"ancestorTitles":["Scenario 1 — two customers order the last remaining stock simultaneously"],"duration":65,"failureDetails":[],"failureMessages":[],"fullName":"Scenario 1 — two customers order the last remaining stock simultaneously ten simultaneous 1-unit orders against 5 units of stock: exactly 5 succeed","invocations":1,"location":null,"numPassingAsserts":3,"retryReasons":[],"status":"passed","title":"ten simultaneous 1-unit orders against 5 units of stock: exactly 5 succeed"},{"ancestorTitles":["Scenario 2 — payment failure releases the reservation"],"duration":62,"failureDetails":[],"failureMessages":[],"fullName":"Scenario 2 — payment failure releases the reservation an invalid Razorpay signature releases held stock and cancels the order","invocations":1,"location":null,"numPassingAsserts":9,"retryReasons":[],"status":"passed","title":"an invalid Razorpay signature releases held stock and cancels the order"},{"ancestorTitles":["Scenario 3 — \"browser closed\" mid-checkout"],"duration":62,"failureDetails":[],"failureMessages":[],"fullName":"Scenario 3 — \"browser closed\" mid-checkout an explicit cancel before payment releases the reservation immediately","invocations":1,"location":null,"numPassingAsserts":6,"retryReasons":[],"status":"passed","title":"an explicit cancel before payment releases the reservation immediately"},{"ancestorTitles":["Scenario 3 — \"browser closed\" mid-checkout"],"duration":61,"failureDetails":[],"failureMessages":[],"fullName":"Scenario 3 — \"browser closed\" mid-checkout a customer who never returns has their reservation swept back to available stock automatically","invocations":1,"location":null,"numPassingAsserts":5,"retryReasons":[],"status":"passed","title":"a customer who never returns has their reservation swept back to available stock automatically"},{"ancestorTitles":["Scenario 4 — duplicate/double-submitted checkout request"],"duration":64,"failureDetails":[],"failureMessages":[],"fullName":"Scenario 4 — duplicate/double-submitted checkout request firing createOrder twice at once for the same cart only ever creates one order","invocations":1,"location":null,"numPassingAsserts":5,"retryReasons":[],"status":"passed","title":"firing createOrder twice at once for the same cart only ever creates one order"},{"ancestorTitles":["Scenario 5 — duplicate payment callback"],"duration":73,"failureDetails":[],"failureMessages":[],"fullName":"Scenario 5 — duplicate payment callback two simultaneous verify calls for the same order only convert the reservation to a sale once","invocations":1,"location":null,"numPassingAsserts":5,"retryReasons":[],"status":"passed","title":"two simultaneous verify calls for the same order only convert the reservation to a sale once"},{"ancestorTitles":["Scenario 6 — admin stock adjustments"],"duration":54,"failureDetails":[],"failureMessages":[],"fullName":"Scenario 6 — admin stock adjustments +100 with a reason logs a PURCHASE and increases stock","invocations":1,"location":null,"numPassingAsserts":4,"retryReasons":[],"status":"passed","title":"+100 with a reason logs a PURCHASE and increases stock"},{"ancestorTitles":["Scenario 6 — admin stock adjustments"],"duration":53,"failureDetails":[],"failureMessages":[],"fullName":"Scenario 6 — admin stock adjustments -5 with a reason logs an ADJUSTMENT and decreases stock","invocations":1,"location":null,"numPassingAsserts":4,"retryReasons":[],"status":"passed","title":"-5 with a reason logs an ADJUSTMENT and decreases stock"},{"ancestorTitles":["Scenario 6 — admin stock adjustments"],"duration":61,"failureDetails":[],"failureMessages":[],"fullName":"Scenario 6 — admin stock adjustments rejects an adjustment with no reason","invocations":1,"location":null,"numPassingAsserts":3,"retryReasons":[],"status":"passed","title":"rejects an adjustment with no reason"},{"ancestorTitles":["Scenario 6 — admin stock adjustments"],"duration":59,"failureDetails":[],"failureMessages":[],"fullName":"Scenario 6 — admin stock adjustments rejects an adjustment that would take stock negative","invocations":1,"location":null,"numPassingAsserts":3,"retryReasons":[],"status":"passed","title":"rejects an adjustment that would take stock negative"},{"ancestorTitles":["Scenario 6 — admin stock adjustments"],"duration":54,"failureDetails":[],"failureMessages":[],"fullName":"Scenario 6 — admin stock adjustments rejects an adjustment that would leave less stock than is currently reserved","invocations":1,"location":null,"numPassingAsserts":3,"retryReasons":[],"status":"passed","title":"rejects an adjustment that would leave less stock than is currently reserved"},{"ancestorTitles":["Scenario 7 — product deactivated while sitting in a cart"],"duration":60,"failureDetails":[],"failureMessages":[],"fullName":"Scenario 7 — product deactivated while sitting in a cart checkout re-validates is_active at order time and rejects a deactivated product","invocations":1,"location":null,"numPassingAsserts":5,"retryReasons":[],"status":"passed","title":"checkout re-validates is_active at order time and rejects a deactivated product"}],"endTime":1788419769211,"message":"","name":"C:\\Users\\ROHIT SAIN\\OneDrive\\Desktop\\rohit\\MandiConnect\\server\\tests\\inventory.concurrency.test.js","startTime":1788419767813,"status":"passed","summary":""},{"assertionResults":[{"ancestorTitles":["Shipping Service — Phase 7 Tests","isRajasthanState"],"duration":0,"failureDetails":[],"failureMessages":[],"fullName":"Shipping Service — Phase 7 Tests isRajasthanState validates Rajasthan state variants correctly","invocations":1,"location":null,"numPassingAsserts":6,"retryReasons":[],"status":"passed","title":"validates Rajasthan state variants correctly"},{"ancestorTitles":["Shipping Service — Phase 7 Tests","calculateShipping"],"duration":0,"failureDetails":[],"failureMessages":[],"fullName":"Shipping Service — Phase 7 Tests calculateShipping calculates standard shipping charge when subtotal below threshold","invocations":1,"location":null,"numPassingAsserts":1,"retryReasons":[],"status":"passed","title":"calculates standard shipping charge when subtotal below threshold"},{"ancestorTitles":["Shipping Service — Phase 7 Tests","calculateShipping"],"duration":0,"failureDetails":[],"failureMessages":[],"fullName":"Shipping Service — Phase 7 Tests calculateShipping applies free shipping when subtotal meets threshold","invocations":1,"location":null,"numPassingAsserts":1,"retryReasons":[],"status":"passed","title":"applies free shipping when subtotal meets threshold"},{"ancestorTitles":["Shipping Service — Phase 7 Tests","calculateShipping"],"duration":0,"failureDetails":[],"failureMessages":[],"fullName":"Shipping Service — Phase 7 Tests calculateShipping checks minimum order requirement override","invocations":1,"location":null,"numPassingAsserts":2,"retryReasons":[],"status":"passed","title":"checks minimum order requirement override"}],"endTime":1788419769450,"message":"","name":"C:\\Users\\ROHIT SAIN\\OneDrive\\Desktop\\rohit\\MandiConnect\\server\\tests\\shipping.phase7.test.js","startTime":1788419769218,"status":"passed","summary":""},{"assertionResults":[{"ancestorTitles":["Phase 5 — Successful payment capture"],"duration":32,"failureDetails":[],"failureMessages":[],"fullName":"Phase 5 — Successful payment capture fulfillCapturedPayment converts reservation to sale and confirms order","invocations":1,"location":null,"numPassingAsserts":12,"retryReasons":[],"status":"passed","title":"fulfillCapturedPayment converts reservation to sale and confirms order"},{"ancestorTitles":["Phase 5 — Idempotent payment fulfillment"],"duration":19,"failureDetails":[],"failureMessages":[],"fullName":"Phase 5 — Idempotent payment fulfillment calling fulfillCapturedPayment twice (separate connections) is a no-op on second call","invocations":1,"location":null,"numPassingAsserts":4,"retryReasons":[],"status":"passed","title":"calling fulfillCapturedPayment twice (separate connections) is a no-op on second call"},{"ancestorTitles":["Phase 5 — Failed payment releases inventory"],"duration":21,"failureDetails":[],"failureMessages":[],"fullName":"Phase 5 — Failed payment releases inventory markPaymentFailed cancels order and releases reservation","invocations":1,"location":null,"numPassingAsserts":9,"retryReasons":[],"status":"passed","title":"markPaymentFailed cancels order and releases reservation"},{"ancestorTitles":["Phase 5 — Failed payment releases inventory"],"duration":23,"failureDetails":[],"failureMessages":[],"fullName":"Phase 5 — Failed payment releases inventory double failure is a no-op (separate connections)","invocations":1,"location":null,"numPassingAsserts":3,"retryReasons":[],"status":"passed","title":"double failure is a no-op (separate connections)"},{"ancestorTitles":["Phase 5 — Failed payment releases inventory"],"duration":25,"failureDetails":[],"failureMessages":[],"fullName":"Phase 5 — Failed payment releases inventory late payment.failed for already-paid order is a no-op","invocations":1,"location":null,"numPassingAsserts":4,"retryReasons":[],"status":"passed","title":"late payment.failed for already-paid order is a no-op"},{"ancestorTitles":["Phase 5 — Refund flow (webhook finalize)"],"duration":26,"failureDetails":[],"failureMessages":[],"fullName":"Phase 5 — Refund flow (webhook finalize) finalizeRefund confirms a pending refund row and updates order/payment","invocations":1,"location":null,"numPassingAsserts":11,"retryReasons":[],"status":"passed","title":"finalizeRefund confirms a pending refund row and updates order/payment"},{"ancestorTitles":["Phase 5 — Refund flow (webhook finalize)"],"duration":35,"failureDetails":[],"failureMessages":[],"fullName":"Phase 5 — Refund flow (webhook finalize) partial refund updates states correctly","invocations":1,"location":null,"numPassingAsserts":5,"retryReasons":[],"status":"passed","title":"partial refund updates states correctly"},{"ancestorTitles":["Phase 5 — Refund idempotency"],"duration":32,"failureDetails":[],"failureMessages":[],"fullName":"Phase 5 — Refund idempotency duplicate refund.processed webhook is a no-op","invocations":1,"location":null,"numPassingAsserts":4,"retryReasons":[],"status":"passed","title":"duplicate refund.processed webhook is a no-op"},{"ancestorTitles":["Phase 5 — Refund failure"],"duration":36,"failureDetails":[],"failureMessages":[],"fullName":"Phase 5 — Refund failure markRefundFailed updates refund row status","invocations":1,"location":null,"numPassingAsserts":4,"retryReasons":[],"status":"passed","title":"markRefundFailed updates refund row status"},{"ancestorTitles":["Phase 5 — Webhook signature validation"],"duration":26,"failureDetails":[],"failureMessages":[],"fullName":"Phase 5 — Webhook signature validation rejects invalid signature","invocations":1,"location":null,"numPassingAsserts":2,"retryReasons":[],"status":"passed","title":"rejects invalid signature"},{"ancestorTitles":["Phase 5 — Webhook signature validation"],"duration":30,"failureDetails":[],"failureMessages":[],"fullName":"Phase 5 — Webhook signature validation rejects missing event_id","invocations":1,"location":null,"numPassingAsserts":2,"retryReasons":[],"status":"passed","title":"rejects missing event_id"},{"ancestorTitles":["Phase 5 — Webhook event-level idempotency"],"duration":27,"failureDetails":[],"failureMessages":[],"fullName":"Phase 5 — Webhook event-level idempotency records event and returns 200 on success","invocations":1,"location":null,"numPassingAsserts":6,"retryReasons":[],"status":"passed","title":"records event and returns 200 on success"},{"ancestorTitles":["Phase 5 — Webhook event-level idempotency"],"duration":25,"failureDetails":[],"failureMessages":[],"fullName":"Phase 5 — Webhook event-level idempotency duplicate event_id is idempotent (no double-fulfill)","invocations":1,"location":null,"numPassingAsserts":6,"retryReasons":[],"status":"passed","title":"duplicate event_id is idempotent (no double-fulfill)"},{"ancestorTitles":["Phase 5 — Webhook payment.failed handler"],"duration":24,"failureDetails":[],"failureMessages":[],"fullName":"Phase 5 — Webhook payment.failed handler processes payment.failed and releases inventory","invocations":1,"location":null,"numPassingAsserts":7,"retryReasons":[],"status":"passed","title":"processes payment.failed and releases inventory"},{"ancestorTitles":["Phase 5 — Cancel order with auto-refund"],"duration":67,"failureDetails":[],"failureMessages":[],"fullName":"Phase 5 — Cancel order with auto-refund cancelling a paid order restocks and creates refund row","invocations":1,"location":null,"numPassingAsserts":7,"retryReasons":[],"status":"passed","title":"cancelling a paid order restocks and creates refund row"},{"ancestorTitles":["Phase 5 — Cancel order with auto-refund"],"duration":20,"failureDetails":[],"failureMessages":[],"fullName":"Phase 5 — Cancel order with auto-refund cancelling an unpaid online order releases the reservation","invocations":1,"location":null,"numPassingAsserts":7,"retryReasons":[],"status":"passed","title":"cancelling an unpaid online order releases the reservation"},{"ancestorTitles":["Phase 5 — Admin updateOrderStatus blocks direct refund"],"duration":21,"failureDetails":[],"failureMessages":[],"fullName":"Phase 5 — Admin updateOrderStatus blocks direct refund rejects payment_status=refunded","invocations":1,"location":null,"numPassingAsserts":4,"retryReasons":[],"status":"passed","title":"rejects payment_status=refunded"},{"ancestorTitles":["Phase 5 — Admin updateOrderStatus blocks direct refund"],"duration":26,"failureDetails":[],"failureMessages":[],"fullName":"Phase 5 — Admin updateOrderStatus blocks direct refund rejects payment_status=partially_refunded","invocations":1,"location":null,"numPassingAsserts":3,"retryReasons":[],"status":"passed","title":"rejects payment_status=partially_refunded"},{"ancestorTitles":["Phase 5 — Refund amount validation"],"duration":21,"failureDetails":[],"failureMessages":[],"fullName":"Phase 5 — Refund amount validation rejects refund exceeding remaining amount","invocations":1,"location":null,"numPassingAsserts":2,"retryReasons":[],"status":"passed","title":"rejects refund exceeding remaining amount"},{"ancestorTitles":["Phase 5 — Refund amount validation"],"duration":22,"failureDetails":[],"failureMessages":[],"fullName":"Phase 5 — Refund amount validation rejects refund on unpaid order (controller check)","invocations":1,"location":null,"numPassingAsserts":3,"retryReasons":[],"status":"passed","title":"rejects refund on unpaid order (controller check)"},{"ancestorTitles":["Phase 5 — Dashboard-initiated refund (no prior admin request)"],"duration":26,"failureDetails":[],"failureMessages":[],"fullName":"Phase 5 — Dashboard-initiated refund (no prior admin request) refund.processed webhook creates refund row on the fly","invocations":1,"location":null,"numPassingAsserts":7,"retryReasons":[],"status":"passed","title":"refund.processed webhook creates refund row on the fly"},{"ancestorTitles":["Phase 5 — cancelOrder preserves payment_status"],"duration":24,"failureDetails":[],"failureMessages":[],"fullName":"Phase 5 — cancelOrder preserves payment_status keeps payment_status=paid for paid orders","invocations":1,"location":null,"numPassingAsserts":4,"retryReasons":[],"status":"passed","title":"keeps payment_status=paid for paid orders"},{"ancestorTitles":["Phase 5 — Concurrency: two customers race for last stock (COD)"],"duration":25,"failureDetails":[],"failureMessages":[],"fullName":"Phase 5 — Concurrency: two customers race for last stock (COD) exactly one of two simultaneous COD orders succeeds","invocations":1,"location":null,"numPassingAsserts":4,"retryReasons":[],"status":"passed","title":"exactly one of two simultaneous COD orders succeeds"},{"ancestorTitles":["Phase 5 — Duplicate payment verify (webhook vs frontend race)"],"duration":31,"failureDetails":[],"failureMessages":[],"fullName":"Phase 5 — Duplicate payment verify (webhook vs frontend race) two simultaneous verify calls only convert reservation once","invocations":1,"location":null,"numPassingAsserts":6,"retryReasons":[],"status":"passed","title":"two simultaneous verify calls only convert reservation once"},{"ancestorTitles":["Phase 5 — Razorpay client wiring (createRazorpayOrder)"],"duration":21,"failureDetails":[],"failureMessages":[],"fullName":"Phase 5 — Razorpay client wiring (createRazorpayOrder) calls razorpayClient.orders.create and stores the resulting order id","invocations":1,"location":null,"numPassingAsserts":7,"retryReasons":[],"status":"passed","title":"calls razorpayClient.orders.create and stores the resulting order id"},{"ancestorTitles":["Phase 5 — Razorpay client wiring (createRazorpayOrder)"],"duration":23,"failureDetails":[],"failureMessages":[],"fullName":"Phase 5 — Razorpay client wiring (createRazorpayOrder) surfaces a 500 rather than crashing if the Razorpay API call itself fails","invocations":1,"location":null,"numPassingAsserts":2,"retryReasons":[],"status":"passed","title":"surfaces a 500 rather than crashing if the Razorpay API call itself fails"},{"ancestorTitles":["Phase 5 — Razorpay client wiring (refund submission)"],"duration":23,"failureDetails":[],"failureMessages":[],"fullName":"Phase 5 — Razorpay client wiring (refund submission) submitRefundToRazorpay calls razorpayClient.payments.refund with the paise amount","invocations":1,"location":null,"numPassingAsserts":3,"retryReasons":[],"status":"passed","title":"submitRefundToRazorpay calls razorpayClient.payments.refund with the paise amount"}],"endTime":1788419770272,"message":"","name":"C:\\Users\\ROHIT SAIN\\OneDrive\\Desktop\\rohit\\MandiConnect\\server\\tests\\payment.phase5.test.js","startTime":1788419769457,"status":"passed","summary":""},{"assertionResults":[{"ancestorTitles":["Phase 6 — Order State Machine: valid transitions"],"duration":1,"failureDetails":[],"failureMessages":[],"fullName":"Phase 6 — Order State Machine: valid transitions Pending → Confirmed is allowed","invocations":1,"location":null,"numPassingAsserts":1,"retryReasons":[],"status":"passed","title":"Pending → Confirmed is allowed"},{"ancestorTitles":["Phase 6 — Order State Machine: valid transitions"],"duration":0,"failureDetails":[],"failureMessages":[],"fullName":"Phase 6 — Order State Machine: valid transitions Pending → Cancelled is allowed","invocations":1,"location":null,"numPassingAsserts":1,"retryReasons":[],"status":"passed","title":"Pending → Cancelled is allowed"},{"ancestorTitles":["Phase 6 — Order State Machine: valid transitions"],"duration":0,"failureDetails":[],"failureMessages":[],"fullName":"Phase 6 — Order State Machine: valid transitions Confirmed → Processing is allowed","invocations":1,"location":null,"numPassingAsserts":1,"retryReasons":[],"status":"passed","title":"Confirmed → Processing is allowed"},{"ancestorTitles":["Phase 6 — Order State Machine: valid transitions"],"duration":0,"failureDetails":[],"failureMessages":[],"fullName":"Phase 6 — Order State Machine: valid transitions Processing → Packed is allowed","invocations":1,"location":null,"numPassingAsserts":1,"retryReasons":[],"status":"passed","title":"Processing → Packed is allowed"},{"ancestorTitles":["Phase 6 — Order State Machine: valid transitions"],"duration":1,"failureDetails":[],"failureMessages":[],"fullName":"Phase 6 — Order State Machine: valid transitions Packed → Shipped is allowed","invocations":1,"location":null,"numPassingAsserts":1,"retryReasons":[],"status":"passed","title":"Packed → Shipped is allowed"},{"ancestorTitles":["Phase 6 — Order State Machine: valid transitions"],"duration":0,"failureDetails":[],"failureMessages":[],"fullName":"Phase 6 — Order State Machine: valid transitions Shipped → Out for Delivery is allowed","invocations":1,"location":null,"numPassingAsserts":1,"retryReasons":[],"status":"passed","title":"Shipped → Out for Delivery is allowed"},{"ancestorTitles":["Phase 6 — Order State Machine: valid transitions"],"duration":1,"failureDetails":[],"failureMessages":[],"fullName":"Phase 6 — Order State Machine: valid transitions Out for Delivery → Delivered is allowed","invocations":1,"location":null,"numPassingAsserts":1,"retryReasons":[],"status":"passed","title":"Out for Delivery → Delivered is allowed"},{"ancestorTitles":["Phase 6 — Order State Machine: valid transitions"],"duration":0,"failureDetails":[],"failureMessages":[],"fullName":"Phase 6 — Order State Machine: valid transitions Delivered → Return Requested is allowed","invocations":1,"location":null,"numPassingAsserts":1,"retryReasons":[],"status":"passed","title":"Delivered → Return Requested is allowed"},{"ancestorTitles":["Phase 6 — Order State Machine: valid transitions"],"duration":1,"failureDetails":[],"failureMessages":[],"fullName":"Phase 6 — Order State Machine: valid transitions Return Requested → Returned is allowed","invocations":1,"location":null,"numPassingAsserts":1,"retryReasons":[],"status":"passed","title":"Return Requested → Returned is allowed"},{"ancestorTitles":["Phase 6 — Order State Machine: valid transitions"],"duration":0,"failureDetails":[],"failureMessages":[],"fullName":"Phase 6 — Order State Machine: valid transitions Return Requested → Delivered (rejection) is allowed","invocations":1,"location":null,"numPassingAsserts":1,"retryReasons":[],"status":"passed","title":"Return Requested → Delivered (rejection) is allowed"},{"ancestorTitles":["Phase 6 — Order State Machine: valid transitions"],"duration":1,"failureDetails":[],"failureMessages":[],"fullName":"Phase 6 — Order State Machine: valid transitions Returned → Refunded is allowed","invocations":1,"location":null,"numPassingAsserts":1,"retryReasons":[],"status":"passed","title":"Returned → Refunded is allowed"},{"ancestorTitles":["Phase 6 — Order State Machine: valid transitions"],"duration":0,"failureDetails":[],"failureMessages":[],"fullName":"Phase 6 — Order State Machine: valid transitions Same status transition is a no-op (no error)","invocations":1,"location":null,"numPassingAsserts":1,"retryReasons":[],"status":"passed","title":"Same status transition is a no-op (no error)"},{"ancestorTitles":["Phase 6 — Order State Machine: valid transitions"],"duration":1,"failureDetails":[],"failureMessages":[],"fullName":"Phase 6 — Order State Machine: valid transitions Full COD happy path: Pending → … → Delivered","invocations":1,"location":null,"numPassingAsserts":6,"retryReasons":[],"status":"passed","title":"Full COD happy path: Pending → … → Delivered"},{"ancestorTitles":["Phase 6 — Order State Machine: invalid transitions"],"duration":17,"failureDetails":[],"failureMessages":[],"fullName":"Phase 6 — Order State Machine: invalid transitions Delivered → Processing is rejected","invocations":1,"location":null,"numPassingAsserts":1,"retryReasons":[],"status":"passed","title":"Delivered → Processing is rejected"},{"ancestorTitles":["Phase 6 — Order State Machine: invalid transitions"],"duration":1,"failureDetails":[],"failureMessages":[],"fullName":"Phase 6 — Order State Machine: invalid transitions Delivered → Confirmed is rejected","invocations":1,"location":null,"numPassingAsserts":1,"retryReasons":[],"status":"passed","title":"Delivered → Confirmed is rejected"},{"ancestorTitles":["Phase 6 — Order State Machine: invalid transitions"],"duration":1,"failureDetails":[],"failureMessages":[],"fullName":"Phase 6 — Order State Machine: invalid transitions Cancelled → any state is rejected","invocations":1,"location":null,"numPassingAsserts":6,"retryReasons":[],"status":"passed","title":"Cancelled → any state is rejected"},{"ancestorTitles":["Phase 6 — Order State Machine: invalid transitions"],"duration":6,"failureDetails":[],"failureMessages":[],"fullName":"Phase 6 — Order State Machine: invalid transitions Refunded → any state is rejected","invocations":1,"location":null,"numPassingAsserts":5,"retryReasons":[],"status":"passed","title":"Refunded → any state is rejected"},{"ancestorTitles":["Phase 6 — Order State Machine: invalid transitions"],"duration":0,"failureDetails":[],"failureMessages":[],"fullName":"Phase 6 — Order State Machine: invalid transitions Delivered → Cancelled is rejected (must go through return)","invocations":1,"location":null,"numPassingAsserts":1,"retryReasons":[],"status":"passed","title":"Delivered → Cancelled is rejected (must go through return)"},{"ancestorTitles":["Phase 6 — Order State Machine: invalid transitions"],"duration":0,"failureDetails":[],"failureMessages":[],"fullName":"Phase 6 — Order State Machine: invalid transitions Pending → Delivered (skipping steps) is rejected","invocations":1,"location":null,"numPassingAsserts":1,"retryReasons":[],"status":"passed","title":"Pending → Delivered (skipping steps) is rejected"},{"ancestorTitles":["Phase 6 — Order State Machine: invalid transitions"],"duration":1,"failureDetails":[],"failureMessages":[],"fullName":"Phase 6 — Order State Machine: invalid transitions Returned → Delivered (going back from returned) is rejected","invocations":1,"location":null,"numPassingAsserts":1,"retryReasons":[],"status":"passed","title":"Returned → Delivered (going back from returned) is rejected"},{"ancestorTitles":["Phase 6 — Order State Machine: invalid transitions"],"duration":1,"failureDetails":[],"failureMessages":[],"fullName":"Phase 6 — Order State Machine: invalid transitions OrderTransitionError has correct properties","invocations":1,"location":null,"numPassingAsserts":7,"retryReasons":[],"status":"passed","title":"OrderTransitionError has correct properties"},{"ancestorTitles":["Phase 6 — getAllowedNext"],"duration":0,"failureDetails":[],"failureMessages":[],"fullName":"Phase 6 — getAllowedNext Pending allows [Confirmed, Cancelled]","invocations":1,"location":null,"numPassingAsserts":1,"retryReasons":[],"status":"passed","title":"Pending allows [Confirmed, Cancelled]"},{"ancestorTitles":["Phase 6 — getAllowedNext"],"duration":1,"failureDetails":[],"failureMessages":[],"fullName":"Phase 6 — getAllowedNext Delivered allows only [Return Requested]","invocations":1,"location":null,"numPassingAsserts":1,"retryReasons":[],"status":"passed","title":"Delivered allows only [Return Requested]"},{"ancestorTitles":["Phase 6 — getAllowedNext"],"duration":0,"failureDetails":[],"failureMessages":[],"fullName":"Phase 6 — getAllowedNext Cancelled allows nothing","invocations":1,"location":null,"numPassingAsserts":1,"retryReasons":[],"status":"passed","title":"Cancelled allows nothing"},{"ancestorTitles":["Phase 6 — getAllowedNext"],"duration":0,"failureDetails":[],"failureMessages":[],"fullName":"Phase 6 — getAllowedNext Refunded allows nothing","invocations":1,"location":null,"numPassingAsserts":1,"retryReasons":[],"status":"passed","title":"Refunded allows nothing"},{"ancestorTitles":["Phase 6 — getAllowedNext"],"duration":0,"failureDetails":[],"failureMessages":[],"fullName":"Phase 6 — getAllowedNext Return Requested allows [Returned, Delivered]","invocations":1,"location":null,"numPassingAsserts":1,"retryReasons":[],"status":"passed","title":"Return Requested allows [Returned, Delivered]"},{"ancestorTitles":["Phase 6 — getAllowedNext"],"duration":1,"failureDetails":[],"failureMessages":[],"fullName":"Phase 6 — getAllowedNext Out for Delivery allows [Delivered, Cancelled]","invocations":1,"location":null,"numPassingAsserts":1,"retryReasons":[],"status":"passed","title":"Out for Delivery allows [Delivered, Cancelled]"},{"ancestorTitles":["Phase 6 — Cancellation rules","customer role"],"duration":0,"failureDetails":[],"failureMessages":[],"fullName":"Phase 6 — Cancellation rules customer role customer can cancel Pending orders","invocations":1,"location":null,"numPassingAsserts":1,"retryReasons":[],"status":"passed","title":"customer can cancel Pending orders"},{"ancestorTitles":["Phase 6 — Cancellation rules","customer role"],"duration":1,"failureDetails":[],"failureMessages":[],"fullName":"Phase 6 — Cancellation rules customer role customer can cancel Confirmed orders","invocations":1,"location":null,"numPassingAsserts":1,"retryReasons":[],"status":"passed","title":"customer can cancel Confirmed orders"},{"ancestorTitles":["Phase 6 — Cancellation rules","customer role"],"duration":0,"failureDetails":[],"failureMessages":[],"fullName":"Phase 6 — Cancellation rules customer role customer CANNOT cancel Processing orders","invocations":1,"location":null,"numPassingAsserts":2,"retryReasons":[],"status":"passed","title":"customer CANNOT cancel Processing orders"},{"ancestorTitles":["Phase 6 — Cancellation rules","customer role"],"duration":0,"failureDetails":[],"failureMessages":[],"fullName":"Phase 6 — Cancellation rules customer role customer CANNOT cancel Packed orders","invocations":1,"location":null,"numPassingAsserts":1,"retryReasons":[],"status":"passed","title":"customer CANNOT cancel Packed orders"},{"ancestorTitles":["Phase 6 — Cancellation rules","customer role"],"duration":1,"failureDetails":[],"failureMessages":[],"fullName":"Phase 6 — Cancellation rules customer role customer CANNOT cancel Shipped orders","invocations":1,"location":null,"numPassingAsserts":1,"retryReasons":[],"status":"passed","title":"customer CANNOT cancel Shipped orders"},{"ancestorTitles":["Phase 6 — Cancellation rules","customer role"],"duration":0,"failureDetails":[],"failureMessages":[],"fullName":"Phase 6 — Cancellation rules customer role customer CANNOT cancel Delivered orders","invocations":1,"location":null,"numPassingAsserts":2,"retryReasons":[],"status":"passed","title":"customer CANNOT cancel Delivered orders"},{"ancestorTitles":["Phase 6 — Cancellation rules","customer role"],"duration":0,"failureDetails":[],"failureMessages":[],"fullName":"Phase 6 — Cancellation rules customer role customer CANNOT cancel Cancelled orders (already cancelled)","invocations":1,"location":null,"numPassingAsserts":1,"retryReasons":[],"status":"passed","title":"customer CANNOT cancel Cancelled orders (already cancelled)"},{"ancestorTitles":["Phase 6 — Cancellation rules","admin role"],"duration":0,"failureDetails":[],"failureMessages":[],"fullName":"Phase 6 — Cancellation rules admin role admin can cancel Pending orders","invocations":1,"location":null,"numPassingAsserts":1,"retryReasons":[],"status":"passed","title":"admin can cancel Pending orders"},{"ancestorTitles":["Phase 6 — Cancellation rules","admin role"],"duration":0,"failureDetails":[],"failureMessages":[],"fullName":"Phase 6 — Cancellation rules admin role admin can cancel Confirmed orders","invocations":1,"location":null,"numPassingAsserts":1,"retryReasons":[],"status":"passed","title":"admin can cancel Confirmed orders"},{"ancestorTitles":["Phase 6 — Cancellation rules","admin role"],"duration":0,"failureDetails":[],"failureMessages":[],"fullName":"Phase 6 — Cancellation rules admin role admin can cancel Processing orders","invocations":1,"location":null,"numPassingAsserts":1,"retryReasons":[],"status":"passed","title":"admin can cancel Processing orders"},{"ancestorTitles":["Phase 6 — Cancellation rules","admin role"],"duration":0,"failureDetails":[],"failureMessages":[],"fullName":"Phase 6 — Cancellation rules admin role admin can cancel Packed orders","invocations":1,"location":null,"numPassingAsserts":1,"retryReasons":[],"status":"passed","title":"admin can cancel Packed orders"},{"ancestorTitles":["Phase 6 — Cancellation rules","admin role"],"duration":1,"failureDetails":[],"failureMessages":[],"fullName":"Phase 6 — Cancellation rules admin role admin can cancel Shipped orders","invocations":1,"location":null,"numPassingAsserts":1,"retryReasons":[],"status":"passed","title":"admin can cancel Shipped orders"},{"ancestorTitles":["Phase 6 — Cancellation rules","admin role"],"duration":0,"failureDetails":[],"failureMessages":[],"fullName":"Phase 6 — Cancellation rules admin role admin can cancel Out for Delivery orders","invocations":1,"location":null,"numPassingAsserts":1,"retryReasons":[],"status":"passed","title":"admin can cancel Out for Delivery orders"},{"ancestorTitles":["Phase 6 — Cancellation rules","admin role"],"duration":1,"failureDetails":[],"failureMessages":[],"fullName":"Phase 6 — Cancellation rules admin role admin CANNOT cancel Delivered orders (must use return)","invocations":1,"location":null,"numPassingAsserts":2,"retryReasons":[],"status":"passed","title":"admin CANNOT cancel Delivered orders (must use return)"},{"ancestorTitles":["Phase 6 — Cancellation rules","admin role"],"duration":0,"failureDetails":[],"failureMessages":[],"fullName":"Phase 6 — Cancellation rules admin role admin CANNOT cancel Returned orders","invocations":1,"location":null,"numPassingAsserts":1,"retryReasons":[],"status":"passed","title":"admin CANNOT cancel Returned orders"},{"ancestorTitles":["Phase 6 — Cancellation rules","admin role"],"duration":1,"failureDetails":[],"failureMessages":[],"fullName":"Phase 6 — Cancellation rules admin role admin CANNOT cancel Refunded orders","invocations":1,"location":null,"numPassingAsserts":1,"retryReasons":[],"status":"passed","title":"admin CANNOT cancel Refunded orders"},{"ancestorTitles":["Phase 6 — Cancellation rules","admin role"],"duration":0,"failureDetails":[],"failureMessages":[],"fullName":"Phase 6 — Cancellation rules admin role admin CANNOT cancel Return Requested orders","invocations":1,"location":null,"numPassingAsserts":1,"retryReasons":[],"status":"passed","title":"admin CANNOT cancel Return Requested orders"},{"ancestorTitles":["Phase 6 — Partial cancellation"],"duration":1,"failureDetails":[],"failureMessages":[],"fullName":"Phase 6 — Partial cancellation Pending status allows partial cancel","invocations":1,"location":null,"numPassingAsserts":1,"retryReasons":[],"status":"passed","title":"Pending status allows partial cancel"},{"ancestorTitles":["Phase 6 — Partial cancellation"],"duration":0,"failureDetails":[],"failureMessages":[],"fullName":"Phase 6 — Partial cancellation Confirmed status allows partial cancel","invocations":1,"location":null,"numPassingAsserts":1,"retryReasons":[],"status":"passed","title":"Confirmed status allows partial cancel"},{"ancestorTitles":["Phase 6 — Partial cancellation"],"duration":0,"failureDetails":[],"failureMessages":[],"fullName":"Phase 6 — Partial cancellation Processing status allows partial cancel","invocations":1,"location":null,"numPassingAsserts":1,"retryReasons":[],"status":"passed","title":"Processing status allows partial cancel"},{"ancestorTitles":["Phase 6 — Partial cancellation"],"duration":1,"failureDetails":[],"failureMessages":[],"fullName":"Phase 6 — Partial cancellation Packed status does NOT allow partial cancel","invocations":1,"location":null,"numPassingAsserts":1,"retryReasons":[],"status":"passed","title":"Packed status does NOT allow partial cancel"},{"ancestorTitles":["Phase 6 — Partial cancellation"],"duration":0,"failureDetails":[],"failureMessages":[],"fullName":"Phase 6 — Partial cancellation Shipped status does NOT allow partial cancel","invocations":1,"location":null,"numPassingAsserts":1,"retryReasons":[],"status":"passed","title":"Shipped status does NOT allow partial cancel"},{"ancestorTitles":["Phase 6 — Partial cancellation"],"duration":0,"failureDetails":[],"failureMessages":[],"fullName":"Phase 6 — Partial cancellation Delivered status does NOT allow partial cancel","invocations":1,"location":null,"numPassingAsserts":1,"retryReasons":[],"status":"passed","title":"Delivered status does NOT allow partial cancel"},{"ancestorTitles":["Phase 6 — Partial cancellation"],"duration":0,"failureDetails":[],"failureMessages":[],"fullName":"Phase 6 — Partial cancellation Cancelled status does NOT allow partial cancel","invocations":1,"location":null,"numPassingAsserts":1,"retryReasons":[],"status":"passed","title":"Cancelled status does NOT allow partial cancel"},{"ancestorTitles":["Phase 6 — Return window"],"duration":0,"failureDetails":[],"failureMessages":[],"fullName":"Phase 6 — Return window RETURN_WINDOW_DAYS is a positive integer (defaults to 7)","invocations":1,"location":null,"numPassingAsserts":2,"retryReasons":[],"status":"passed","title":"RETURN_WINDOW_DAYS is a positive integer (defaults to 7)"},{"ancestorTitles":["Phase 6 — Controller: cancelOrder with state machine"],"duration":22,"failureDetails":[],"failureMessages":[],"fullName":"Phase 6 — Controller: cancelOrder with state machine customer cancelling a Confirmed order succeeds","invocations":1,"location":null,"numPassingAsserts":3,"retryReasons":[],"status":"passed","title":"customer cancelling a Confirmed order succeeds"},{"ancestorTitles":["Phase 6 — Controller: cancelOrder with state machine"],"duration":20,"failureDetails":[],"failureMessages":[],"fullName":"Phase 6 — Controller: cancelOrder with state machine customer cancelling a Processing order fails","invocations":1,"location":null,"numPassingAsserts":3,"retryReasons":[],"status":"passed","title":"customer cancelling a Processing order fails"},{"ancestorTitles":["Phase 6 — Controller: cancelOrder with state machine"],"duration":22,"failureDetails":[],"failureMessages":[],"fullName":"Phase 6 — Controller: cancelOrder with state machine admin cancelling a Processing order succeeds","invocations":1,"location":null,"numPassingAsserts":2,"retryReasons":[],"status":"passed","title":"admin cancelling a Processing order succeeds"},{"ancestorTitles":["Phase 6 — Controller: cancelOrder with state machine"],"duration":22,"failureDetails":[],"failureMessages":[],"fullName":"Phase 6 — Controller: cancelOrder with state machine cancelling an already-cancelled order is idempotent","invocations":1,"location":null,"numPassingAsserts":3,"retryReasons":[],"status":"passed","title":"cancelling an already-cancelled order is idempotent"},{"ancestorTitles":["Phase 6 — Controller: updateOrderStatus validates transitions"],"duration":24,"failureDetails":[],"failureMessages":[],"fullName":"Phase 6 — Controller: updateOrderStatus validates transitions admin moving Pending → Processing (skipping Confirmed) is rejected","invocations":1,"location":null,"numPassingAsserts":3,"retryReasons":[],"status":"passed","title":"admin moving Pending → Processing (skipping Confirmed) is rejected"},{"ancestorTitles":["Phase 6 — Controller: updateOrderStatus validates transitions"],"duration":38,"failureDetails":[],"failureMessages":[],"fullName":"Phase 6 — Controller: updateOrderStatus validates transitions admin moving Delivered → Processing is rejected","invocations":1,"location":null,"numPassingAsserts":3,"retryReasons":[],"status":"passed","title":"admin moving Delivered → Processing is rejected"},{"ancestorTitles":["Phase 6 — Return flow"],"duration":44,"failureDetails":[],"failureMessages":[],"fullName":"Phase 6 — Return flow customer can request return on Delivered order","invocations":1,"location":null,"numPassingAsserts":2,"retryReasons":[],"status":"passed","title":"customer can request return on Delivered order"},{"ancestorTitles":["Phase 6 — Return flow"],"duration":36,"failureDetails":[],"failureMessages":[],"fullName":"Phase 6 — Return flow customer cannot request return on non-Delivered order","invocations":1,"location":null,"numPassingAsserts":1,"retryReasons":[],"status":"passed","title":"customer cannot request return on non-Delivered order"},{"ancestorTitles":["Phase 6 — Return flow"],"duration":38,"failureDetails":[],"failureMessages":[],"fullName":"Phase 6 — Return flow admin can approve return (Return Requested → Returned)","invocations":1,"location":null,"numPassingAsserts":4,"retryReasons":[],"status":"passed","title":"admin can approve return (Return Requested → Returned)"},{"ancestorTitles":["Phase 6 — Historical integrity"],"duration":39,"failureDetails":[],"failureMessages":[],"fullName":"Phase 6 — Historical integrity cancelOrder records old_status in history","invocations":1,"location":null,"numPassingAsserts":2,"retryReasons":[],"status":"passed","title":"cancelOrder records old_status in history"},{"ancestorTitles":["Phase 6 — Historical integrity"],"duration":37,"failureDetails":[],"failureMessages":[],"fullName":"Phase 6 — Historical integrity order item prices are never mutated during cancellation","invocations":1,"location":null,"numPassingAsserts":2,"retryReasons":[],"status":"passed","title":"order item prices are never mutated during cancellation"},{"ancestorTitles":["Phase 6 — Historical integrity"],"duration":36,"failureDetails":[],"failureMessages":[],"fullName":"Phase 6 — Historical integrity orders are never deleted (cancel sets status, does not remove row)","invocations":1,"location":null,"numPassingAsserts":3,"retryReasons":[],"status":"passed","title":"orders are never deleted (cancel sets status, does not remove row)"},{"ancestorTitles":["Phase 6 — Historical integrity"],"duration":49,"failureDetails":[],"failureMessages":[],"fullName":"Phase 6 — Historical integrity cancelled_quantity never exceeds original quantity","invocations":1,"location":null,"numPassingAsserts":2,"retryReasons":[],"status":"passed","title":"cancelled_quantity never exceeds original quantity"},{"ancestorTitles":["Phase 6 — getOrderDetail returns correct actions"],"duration":40,"failureDetails":[],"failureMessages":[],"fullName":"Phase 6 — getOrderDetail returns correct actions Delivered order shows canRequestReturn=true, canCancel=false","invocations":1,"location":null,"numPassingAsserts":4,"retryReasons":[],"status":"passed","title":"Delivered order shows canRequestReturn=true, canCancel=false"},{"ancestorTitles":["Phase 6 — getOrderDetail returns correct actions"],"duration":36,"failureDetails":[],"failureMessages":[],"fullName":"Phase 6 — getOrderDetail returns correct actions Processing order shows canCancel=true for admin, canPartiallyCancel=true","invocations":1,"location":null,"numPassingAsserts":3,"retryReasons":[],"status":"passed","title":"Processing order shows canCancel=true for admin, canPartiallyCancel=true"},{"ancestorTitles":["Phase 6 — Configuration sanity"],"duration":3,"failureDetails":[],"failureMessages":[],"fullName":"Phase 6 — Configuration sanity VALID_TRANSITIONS covers all defined statuses","invocations":1,"location":null,"numPassingAsserts":11,"retryReasons":[],"status":"passed","title":"VALID_TRANSITIONS covers all defined statuses"},{"ancestorTitles":["Phase 6 — Configuration sanity"],"duration":0,"failureDetails":[],"failureMessages":[],"fullName":"Phase 6 — Configuration sanity CANCELLATION_CONFIG has both customer and admin sets","invocations":1,"location":null,"numPassingAsserts":2,"retryReasons":[],"status":"passed","title":"CANCELLATION_CONFIG has both customer and admin sets"},{"ancestorTitles":["Phase 6 — Configuration sanity"],"duration":0,"failureDetails":[],"failureMessages":[],"fullName":"Phase 6 — Configuration sanity PARTIAL_CANCEL_ALLOWED_IN is a Set","invocations":1,"location":null,"numPassingAsserts":1,"retryReasons":[],"status":"passed","title":"PARTIAL_CANCEL_ALLOWED_IN is a Set"},{"ancestorTitles":["Phase 6 — Configuration sanity"],"duration":0,"failureDetails":[],"failureMessages":[],"fullName":"Phase 6 — Configuration sanity customer can always cancel less than or equal to admin","invocations":1,"location":null,"numPassingAsserts":2,"retryReasons":[],"status":"passed","title":"customer can always cancel less than or equal to admin"}],"endTime":1788419770946,"message":"","name":"C:\\Users\\ROHIT SAIN\\OneDrive\\Desktop\\rohit\\MandiConnect\\server\\tests\\orderLifecycle.phase6.test.js","startTime":1788419770282,"status":"passed","summary":""},{"assertionResults":[{"ancestorTitles":["Invoice Tax Calculation"],"duration":1,"failureDetails":[],"failureMessages":[],"fullName":"Invoice Tax Calculation no active tax config returns zeros","invocations":1,"location":null,"numPassingAsserts":5,"retryReasons":[],"status":"passed","title":"no active tax config returns zeros"},{"ancestorTitles":["Invoice Tax Calculation"],"duration":2,"failureDetails":[],"failureMessages":[],"fullName":"Invoice Tax Calculation CGST + SGST (intra-state) at 2.5% each = 5% total","invocations":1,"location":null,"numPassingAsserts":5,"retryReasons":[],"status":"passed","title":"CGST + SGST (intra-state) at 2.5% each = 5% total"},{"ancestorTitles":["Invoice Tax Calculation"],"duration":1,"failureDetails":[],"failureMessages":[],"fullName":"Invoice Tax Calculation IGST (inter-state) at 12%","invocations":1,"location":null,"numPassingAsserts":4,"retryReasons":[],"status":"passed","title":"IGST (inter-state) at 12%"},{"ancestorTitles":["Invoice Tax Calculation"],"duration":1,"failureDetails":[],"failureMessages":[],"fullName":"Invoice Tax Calculation rounding to 2 decimal places","invocations":1,"location":null,"numPassingAsserts":3,"retryReasons":[],"status":"passed","title":"rounding to 2 decimal places"},{"ancestorTitles":["Invoice Tax Calculation"],"duration":0,"failureDetails":[],"failureMessages":[],"fullName":"Invoice Tax Calculation zero taxable amount","invocations":1,"location":null,"numPassingAsserts":1,"retryReasons":[],"status":"passed","title":"zero taxable amount"},{"ancestorTitles":["Invoice Tax Calculation"],"duration":0,"failureDetails":[],"failureMessages":[],"fullName":"Invoice Tax Calculation all three tax types together","invocations":1,"location":null,"numPassingAsserts":1,"retryReasons":[],"status":"passed","title":"all three tax types together"},{"ancestorTitles":["Invoice Grand Total Calculation"],"duration":0,"failureDetails":[],"failureMessages":[],"fullName":"Invoice Grand Total Calculation simple order: no discount, no shipping, no tax","invocations":1,"location":null,"numPassingAsserts":1,"retryReasons":[],"status":"passed","title":"simple order: no discount, no shipping, no tax"},{"ancestorTitles":["Invoice Grand Total Calculation"],"duration":0,"failureDetails":[],"failureMessages":[],"fullName":"Invoice Grand Total Calculation order with discount","invocations":1,"location":null,"numPassingAsserts":1,"retryReasons":[],"status":"passed","title":"order with discount"},{"ancestorTitles":["Invoice Grand Total Calculation"],"duration":1,"failureDetails":[],"failureMessages":[],"fullName":"Invoice Grand Total Calculation order with shipping","invocations":1,"location":null,"numPassingAsserts":1,"retryReasons":[],"status":"passed","title":"order with shipping"},{"ancestorTitles":["Invoice Grand Total Calculation"],"duration":0,"failureDetails":[],"failureMessages":[],"fullName":"Invoice Grand Total Calculation order with discount + shipping + tax","invocations":1,"location":null,"numPassingAsserts":1,"retryReasons":[],"status":"passed","title":"order with discount + shipping + tax"},{"ancestorTitles":["Invoice Grand Total Calculation"],"duration":0,"failureDetails":[],"failureMessages":[],"fullName":"Invoice Grand Total Calculation discount larger than subtotal results in zero taxable amount","invocations":1,"location":null,"numPassingAsserts":1,"retryReasons":[],"status":"passed","title":"discount larger than subtotal results in zero taxable amount"},{"ancestorTitles":["Invoice Grand Total Calculation"],"duration":1,"failureDetails":[],"failureMessages":[],"fullName":"Invoice Grand Total Calculation multiple items subtotal is correct","invocations":1,"location":null,"numPassingAsserts":1,"retryReasons":[],"status":"passed","title":"multiple items subtotal is correct"},{"ancestorTitles":["Invoice Grand Total Calculation"],"duration":0,"failureDetails":[],"failureMessages":[],"fullName":"Invoice Grand Total Calculation precision: repeated addition does not accumulate floating point errors","invocations":1,"location":null,"numPassingAsserts":1,"retryReasons":[],"status":"passed","title":"precision: repeated addition does not accumulate floating point errors"},{"ancestorTitles":["Invoice Grand Total Calculation"],"duration":0,"failureDetails":[],"failureMessages":[],"fullName":"Invoice Grand Total Calculation large order: 100 items at Rs. 999.99","invocations":1,"location":null,"numPassingAsserts":1,"retryReasons":[],"status":"passed","title":"large order: 100 items at Rs. 999.99"},{"ancestorTitles":["Invoice Number Format"],"duration":0,"failureDetails":[],"failureMessages":[],"fullName":"Invoice Number Format format: MC-INV-YYYY-NNNNNN","invocations":1,"location":null,"numPassingAsserts":3,"retryReasons":[],"status":"passed","title":"format: MC-INV-YYYY-NNNNNN"},{"ancestorTitles":["Invoice Number Format"],"duration":0,"failureDetails":[],"failureMessages":[],"fullName":"Invoice Number Format format: year rollover","invocations":1,"location":null,"numPassingAsserts":1,"retryReasons":[],"status":"passed","title":"format: year rollover"},{"ancestorTitles":["Invoice Number Format"],"duration":5,"failureDetails":[],"failureMessages":[],"fullName":"Invoice Number Format sequential numbers are always increasing","invocations":1,"location":null,"numPassingAsserts":99,"retryReasons":[],"status":"passed","title":"sequential numbers are always increasing"},{"ancestorTitles":["Invoice Number Format"],"duration":0,"failureDetails":[],"failureMessages":[],"fullName":"Invoice Number Format different years produce different prefixes","invocations":1,"location":null,"numPassingAsserts":1,"retryReasons":[],"status":"passed","title":"different years produce different prefixes"},{"ancestorTitles":["Invoice Immutability (Historical Integrity)"],"duration":1,"failureDetails":[],"failureMessages":[],"fullName":"Invoice Immutability (Historical Integrity) line items snapshot preserves original values","invocations":1,"location":null,"numPassingAsserts":5,"retryReasons":[],"status":"passed","title":"line items snapshot preserves original values"},{"ancestorTitles":["Invoice Immutability (Historical Integrity)"],"duration":1,"failureDetails":[],"failureMessages":[],"fullName":"Invoice Immutability (Historical Integrity) JSON serialization preserves line items","invocations":1,"location":null,"numPassingAsserts":3,"retryReasons":[],"status":"passed","title":"JSON serialization preserves line items"},{"ancestorTitles":["Credit Note (Correction Invoice)"],"duration":0,"failureDetails":[],"failureMessages":[],"fullName":"Credit Note (Correction Invoice) credit note negates all amounts from original","invocations":1,"location":null,"numPassingAsserts":4,"retryReasons":[],"status":"passed","title":"credit note negates all amounts from original"},{"ancestorTitles":["End-to-End Invoice Scenarios"],"duration":1,"failureDetails":[],"failureMessages":[],"fullName":"End-to-End Invoice Scenarios scenario: 3-item COD order, intra-state, with coupon","invocations":1,"location":null,"numPassingAsserts":3,"retryReasons":[],"status":"passed","title":"scenario: 3-item COD order, intra-state, with coupon"},{"ancestorTitles":["End-to-End Invoice Scenarios"],"duration":1,"failureDetails":[],"failureMessages":[],"fullName":"End-to-End Invoice Scenarios scenario: single item online order, inter-state, with shipping","invocations":1,"location":null,"numPassingAsserts":3,"retryReasons":[],"status":"passed","title":"scenario: single item online order, inter-state, with shipping"},{"ancestorTitles":["End-to-End Invoice Scenarios"],"duration":1,"failureDetails":[],"failureMessages":[],"fullName":"End-to-End Invoice Scenarios scenario: COD order below minimum, free shipping threshold not met","invocations":1,"location":null,"numPassingAsserts":3,"retryReasons":[],"status":"passed","title":"scenario: COD order below minimum, free shipping threshold not met"},{"ancestorTitles":["End-to-End Invoice Scenarios"],"duration":1,"failureDetails":[],"failureMessages":[],"fullName":"End-to-End Invoice Scenarios scenario: large wholesale order with discount and tax","invocations":1,"location":null,"numPassingAsserts":4,"retryReasons":[],"status":"passed","title":"scenario: large wholesale order with discount and tax"}],"endTime":1788419771100,"message":"","name":"C:\\Users\\ROHIT SAIN\\OneDrive\\Desktop\\rohit\\MandiConnect\\server\\tests\\invoice.test.js","startTime":1788419770956,"status":"passed","summary":""},{"assertionResults":[{"ancestorTitles":["validateOrderQuantity — MOQ enforcement"],"duration":1,"failureDetails":[],"failureMessages":[],"fullName":"validateOrderQuantity — MOQ enforcement valid MOQ (above minimum, within stock) is accepted","invocations":1,"location":null,"numPassingAsserts":1,"retryReasons":[],"status":"passed","title":"valid MOQ (above minimum, within stock) is accepted"},{"ancestorTitles":["validateOrderQuantity — MOQ enforcement"],"duration":0,"failureDetails":[],"failureMessages":[],"fullName":"validateOrderQuantity — MOQ enforcement below MOQ is rejected","invocations":1,"location":null,"numPassingAsserts":2,"retryReasons":[],"status":"passed","title":"below MOQ is rejected"},{"ancestorTitles":["validateOrderQuantity — MOQ enforcement"],"duration":0,"failureDetails":[],"failureMessages":[],"fullName":"validateOrderQuantity — MOQ enforcement exact MOQ is accepted (boundary is inclusive)","invocations":1,"location":null,"numPassingAsserts":1,"retryReasons":[],"status":"passed","title":"exact MOQ is accepted (boundary is inclusive)"},{"ancestorTitles":["validateOrderQuantity — MOQ enforcement"],"duration":1,"failureDetails":[],"failureMessages":[],"fullName":"validateOrderQuantity — MOQ enforcement above MOQ but within stock and max is accepted","invocations":1,"location":null,"numPassingAsserts":1,"retryReasons":[],"status":"passed","title":"above MOQ but within stock and max is accepted"},{"ancestorTitles":["validateOrderQuantity — MOQ enforcement"],"duration":0,"failureDetails":[],"failureMessages":[],"fullName":"validateOrderQuantity — MOQ enforcement above maximum_order_quantity is rejected","invocations":1,"location":null,"numPassingAsserts":2,"retryReasons":[],"status":"passed","title":"above maximum_order_quantity is rejected"},{"ancestorTitles":["validateOrderQuantity — MOQ enforcement"],"duration":0,"failureDetails":[],"failureMessages":[],"fullName":"validateOrderQuantity — MOQ enforcement insufficient stock is rejected even if above MOQ and below max","invocations":1,"location":null,"numPassingAsserts":2,"retryReasons":[],"status":"passed","title":"insufficient stock is rejected even if above MOQ and below max"},{"ancestorTitles":["validateOrderQuantity — MOQ enforcement"],"duration":0,"failureDetails":[],"failureMessages":[],"fullName":"validateOrderQuantity — MOQ enforcement exact available stock is accepted","invocations":1,"location":null,"numPassingAsserts":1,"retryReasons":[],"status":"passed","title":"exact available stock is accepted"},{"ancestorTitles":["validateOrderQuantity — MOQ enforcement"],"duration":0,"failureDetails":[],"failureMessages":[],"fullName":"validateOrderQuantity — MOQ enforcement inactive product is rejected regardless of quantity","invocations":1,"location":null,"numPassingAsserts":2,"retryReasons":[],"status":"passed","title":"inactive product is rejected regardless of quantity"},{"ancestorTitles":["validateOrderQuantity — MOQ enforcement"],"duration":0,"failureDetails":[],"failureMessages":[],"fullName":"validateOrderQuantity — MOQ enforcement invalid unit is rejected","invocations":1,"location":null,"numPassingAsserts":2,"retryReasons":[],"status":"passed","title":"invalid unit is rejected"},{"ancestorTitles":["validateOrderQuantity — MOQ enforcement"],"duration":1,"failureDetails":[],"failureMessages":[],"fullName":"validateOrderQuantity — MOQ enforcement invalid quantity (0) is rejected","invocations":1,"location":null,"numPassingAsserts":2,"retryReasons":[],"status":"passed","title":"invalid quantity (0) is rejected"},{"ancestorTitles":["validateOrderQuantity — MOQ enforcement"],"duration":1,"failureDetails":[],"failureMessages":[],"fullName":"validateOrderQuantity — MOQ enforcement invalid quantity (-5) is rejected","invocations":1,"location":null,"numPassingAsserts":2,"retryReasons":[],"status":"passed","title":"invalid quantity (-5) is rejected"},{"ancestorTitles":["validateOrderQuantity — MOQ enforcement"],"duration":0,"failureDetails":[],"failureMessages":[],"fullName":"validateOrderQuantity — MOQ enforcement invalid quantity (2.5) is rejected","invocations":1,"location":null,"numPassingAsserts":2,"retryReasons":[],"status":"passed","title":"invalid quantity (2.5) is rejected"},{"ancestorTitles":["validateOrderQuantity — MOQ enforcement"],"duration":1,"failureDetails":[],"failureMessages":[],"fullName":"validateOrderQuantity — MOQ enforcement invalid quantity (NaN) is rejected","invocations":1,"location":null,"numPassingAsserts":2,"retryReasons":[],"status":"passed","title":"invalid quantity (NaN) is rejected"},{"ancestorTitles":["validateOrderQuantity — MOQ enforcement"],"duration":0,"failureDetails":[],"failureMessages":[],"fullName":"validateOrderQuantity — MOQ enforcement invalid quantity (\"abc\") is rejected","invocations":1,"location":null,"numPassingAsserts":2,"retryReasons":[],"status":"passed","title":"invalid quantity (\"abc\") is rejected"},{"ancestorTitles":["validateOrderQuantity — MOQ enforcement"],"duration":1,"failureDetails":[],"failureMessages":[],"fullName":"validateOrderQuantity — MOQ enforcement product with no maximum_order_quantity has no upper bound besides stock","invocations":1,"location":null,"numPassingAsserts":1,"retryReasons":[],"status":"passed","title":"product with no maximum_order_quantity has no upper bound besides stock"},{"ancestorTitles":["resolveEffectivePrice — wholesale price tier calculation"],"duration":0,"failureDetails":[],"failureMessages":[],"fullName":"resolveEffectivePrice — wholesale price tier calculation quantity within first tier uses that tier price","invocations":1,"location":null,"numPassingAsserts":2,"retryReasons":[],"status":"passed","title":"quantity within first tier uses that tier price"},{"ancestorTitles":["resolveEffectivePrice — wholesale price tier calculation"],"duration":0,"failureDetails":[],"failureMessages":[],"fullName":"resolveEffectivePrice — wholesale price tier calculation quantity at first tier lower boundary uses that tier","invocations":1,"location":null,"numPassingAsserts":1,"retryReasons":[],"status":"passed","title":"quantity at first tier lower boundary uses that tier"},{"ancestorTitles":["resolveEffectivePrice — wholesale price tier calculation"],"duration":1,"failureDetails":[],"failureMessages":[],"fullName":"resolveEffectivePrice — wholesale price tier calculation quantity at first tier upper boundary still uses that tier","invocations":1,"location":null,"numPassingAsserts":1,"retryReasons":[],"status":"passed","title":"quantity at first tier upper boundary still uses that tier"},{"ancestorTitles":["resolveEffectivePrice — wholesale price tier calculation"],"duration":0,"failureDetails":[],"failureMessages":[],"fullName":"resolveEffectivePrice — wholesale price tier calculation quantity just above first tier boundary rolls into second tier","invocations":1,"location":null,"numPassingAsserts":1,"retryReasons":[],"status":"passed","title":"quantity just above first tier boundary rolls into second tier"},{"ancestorTitles":["resolveEffectivePrice — wholesale price tier calculation"],"duration":1,"failureDetails":[],"failureMessages":[],"fullName":"resolveEffectivePrice — wholesale price tier calculation quantity in open-ended top tier (51+) uses that tier price","invocations":1,"location":null,"numPassingAsserts":1,"retryReasons":[],"status":"passed","title":"quantity in open-ended top tier (51+) uses that tier price"},{"ancestorTitles":["resolveEffectivePrice — wholesale price tier calculation"],"duration":0,"failureDetails":[],"failureMessages":[],"fullName":"resolveEffectivePrice — wholesale price tier calculation quantity below any tier falls back to product price","invocations":1,"location":null,"numPassingAsserts":2,"retryReasons":[],"status":"passed","title":"quantity below any tier falls back to product price"},{"ancestorTitles":["resolveEffectivePrice — wholesale price tier calculation"],"duration":0,"failureDetails":[],"failureMessages":[],"fullName":"resolveEffectivePrice — wholesale price tier calculation product with no tiers always uses fallback price","invocations":1,"location":null,"numPassingAsserts":2,"retryReasons":[],"status":"passed","title":"product with no tiers always uses fallback price"},{"ancestorTitles":["validatePriceTiers — admin input validation"],"duration":0,"failureDetails":[],"failureMessages":[],"fullName":"validatePriceTiers — admin input validation accepts empty/undefined tiers (product uses flat pricing)","invocations":1,"location":null,"numPassingAsserts":2,"retryReasons":[],"status":"passed","title":"accepts empty/undefined tiers (product uses flat pricing)"},{"ancestorTitles":["validatePriceTiers — admin input validation"],"duration":1,"failureDetails":[],"failureMessages":[],"fullName":"validatePriceTiers — admin input validation accepts well-formed non-overlapping tiers","invocations":1,"location":null,"numPassingAsserts":1,"retryReasons":[],"status":"passed","title":"accepts well-formed non-overlapping tiers"},{"ancestorTitles":["validatePriceTiers — admin input validation"],"duration":0,"failureDetails":[],"failureMessages":[],"fullName":"validatePriceTiers — admin input validation rejects overlapping tiers","invocations":1,"location":null,"numPassingAsserts":1,"retryReasons":[],"status":"passed","title":"rejects overlapping tiers"},{"ancestorTitles":["validatePriceTiers — admin input validation"],"duration":0,"failureDetails":[],"failureMessages":[],"fullName":"validatePriceTiers — admin input validation rejects a tier with negative price","invocations":1,"location":null,"numPassingAsserts":1,"retryReasons":[],"status":"passed","title":"rejects a tier with negative price"},{"ancestorTitles":["validatePriceTiers — admin input validation"],"duration":1,"failureDetails":[],"failureMessages":[],"fullName":"validatePriceTiers — admin input validation rejects a tier whose max is below its min","invocations":1,"location":null,"numPassingAsserts":1,"retryReasons":[],"status":"passed","title":"rejects a tier whose max is below its min"},{"ancestorTitles":["units.js — base-unit (gram) conversion, integer-safe"],"duration":0,"failureDetails":[],"failureMessages":[],"fullName":"units.js — base-unit (gram) conversion, integer-safe 1 quintal = 100 kg, exactly, in grams","invocations":1,"location":null,"numPassingAsserts":1,"retryReasons":[],"status":"passed","title":"1 quintal = 100 kg, exactly, in grams"},{"ancestorTitles":["units.js — base-unit (gram) conversion, integer-safe"],"duration":0,"failureDetails":[],"failureMessages":[],"fullName":"units.js — base-unit (gram) conversion, integer-safe 1 ton = 1000 kg, exactly, in grams","invocations":1,"location":null,"numPassingAsserts":1,"retryReasons":[],"status":"passed","title":"1 ton = 1000 kg, exactly, in grams"},{"ancestorTitles":["units.js — base-unit (gram) conversion, integer-safe"],"duration":1,"failureDetails":[],"failureMessages":[],"fullName":"units.js — base-unit (gram) conversion, integer-safe conversions stay integers (no floating point drift) across many additions","invocations":1,"location":null,"numPassingAsserts":2,"retryReasons":[],"status":"passed","title":"conversions stay integers (no floating point drift) across many additions"},{"ancestorTitles":["units.js — base-unit (gram) conversion, integer-safe"],"duration":1,"failureDetails":[],"failureMessages":[],"fullName":"units.js — base-unit (gram) conversion, integer-safe count-based units (piece, dozen, bag, crate, box) are not weight-convertible","invocations":1,"location":null,"numPassingAsserts":2,"retryReasons":[],"status":"passed","title":"count-based units (piece, dozen, bag, crate, box) are not weight-convertible"},{"ancestorTitles":["units.js — base-unit (gram) conversion, integer-safe"],"duration":4,"failureDetails":[],"failureMessages":[],"fullName":"units.js — base-unit (gram) conversion, integer-safe isValidUnit recognises all wholesale units","invocations":1,"location":null,"numPassingAsserts":11,"retryReasons":[],"status":"passed","title":"isValidUnit recognises all wholesale units"}],"endTime":1788419771209,"message":"","name":"C:\\Users\\ROHIT SAIN\\OneDrive\\Desktop\\rohit\\MandiConnect\\server\\tests\\wholesale.test.js","startTime":1788419771107,"status":"passed","summary":""}],"wasInterrupted":false}
